#
# There is insufficient memory for the Java Runtime Environment to continue.
# Native memory allocation (malloc) failed to allocate 1682896 bytes. Error detail: Chunk::new
# Possible reasons:
#   The system is out of physical RAM or swap space
#   This process is running with CompressedOops enabled, and the Java Heap may be blocking the growth of the native heap
# Possible solutions:
#   Reduce memory load on the system
#   Increase physical memory or swap space
#   Check if swap backing store is full
#   Decrease Java heap size (-Xmx/-Xms)
#   Decrease number of Java threads
#   Decrease Java thread stack sizes (-Xss)
#   Set larger code cache with -XX:ReservedCodeCacheSize=
#   JVM is running with Unscaled Compressed Oops mode in which the Java heap is
#     placed in the first 4GB address space. The Java Heap base address is the
#     maximum limit for the native heap growth. Please use -XX:HeapBaseMinAddress
#     to set the Java Heap base and to place the Java Heap above 4GB virtual address.
# This output file may be truncated or incomplete.
#
#  Out of Memory Error (arena.cpp:168), pid=38128, tid=7496
#
# JRE version: OpenJDK Runtime Environment Temurin-21.0.10+7 (21.0.10+7) (build 21.0.10+7-LTS)
# Java VM: OpenJDK 64-Bit Server VM Temurin-21.0.10+7 (21.0.10+7-LTS, mixed mode, sharing, tiered, compressed oops, compressed class ptrs, serial gc, windows-amd64)
# No core dump will be written. Minidumps are not enabled by default on client versions of Windows
#

---------------  S U M M A R Y ------------

Command Line: --add-opens=java.base/java.lang=ALL-UNNAMED --add-opens=java.base/java.lang.invoke=ALL-UNNAMED --add-opens=java.base/java.util=ALL-UNNAMED --add-opens=java.prefs/java.util.prefs=ALL-UNNAMED --add-exports=jdk.compiler/com.sun.tools.javac.api=ALL-UNNAMED --add-exports=jdk.compiler/com.sun.tools.javac.util=ALL-UNNAMED --add-opens=java.base/java.util=ALL-UNNAMED --add-opens=java.prefs/java.util.prefs=ALL-UNNAMED --add-opens=java.base/java.nio.charset=ALL-UNNAMED --add-opens=java.base/java.net=ALL-UNNAMED --add-opens=java.base/java.util.concurrent.atomic=ALL-UNNAMED --add-opens=java.xml/javax.xml.namespace=ALL-UNNAMED -XX:+UseSerialGC -Xmx1536M -Dfile.encoding=UTF-8 -Duser.country=ID -Duser.language=en -Duser.variant -javaagent:C:\Users\faiza\.gradle\wrapper\dists\gradle-8.14.3-bin\cv11ve7ro1n3o1j4so8xd9n66\gradle-8.14.3\lib\agents\gradle-instrumentation-agent-8.14.3.jar org.gradle.launcher.daemon.bootstrap.GradleDaemon 8.14.3

Host: 12th Gen Intel(R) Core(TM) i7-12650H, 16 cores, 31G,  Windows 11 , 64 bit Build 26100 (10.0.26100.8115)
Time: Mon Apr 13 14:01:47 2026 SE Asia Standard Time elapsed time: 4.473244 seconds (0d 0h 0m 4s)

---------------  T H R E A D  ---------------

Current thread (0x0000022457089cc0):  JavaThread "C2 CompilerThread3" daemon [_thread_in_native, id=7496, stack(0x0000006b4e800000,0x0000006b4e900000) (1024K)]


Current CompileTask:
C2:4473 4387   !   4       java.net.URLClassLoader::findClass (47 bytes)

Stack: [0x0000006b4e800000,0x0000006b4e900000]
Native frames: (J=compiled Java code, j=interpreted, Vv=VM code, C=native code)
V  [jvm.dll+0x6d7a39]
V  [jvm.dll+0x8b4b26]
V  [jvm.dll+0x8b70de]
V  [jvm.dll+0x8b77c3]
V  [jvm.dll+0x284346]
V  [jvm.dll+0xc66ed]
V  [jvm.dll+0xc6c31]
V  [jvm.dll+0x3bec01]
V  [jvm.dll+0x38b162]
V  [jvm.dll+0x38a5aa]
V  [jvm.dll+0x24c560]
V  [jvm.dll+0x24bb40]
V  [jvm.dll+0x1cb34e]
V  [jvm.dll+0x25b85d]
V  [jvm.dll+0x259dea]
V  [jvm.dll+0x3f857e]
V  [jvm.dll+0x85f59d]
V  [jvm.dll+0x6d626d]
C  [ucrtbase.dll+0x37b0]
C  [KERNEL32.DLL+0x2e8d7]
C  [ntdll.dll+0x8c3fc]


---------------  P R O C E S S  ---------------

Threads class SMR info:
_java_thread_list=0x0000022454f05550, length=34, elements={
0x000002247ad1fd80, 0x000002247adad870, 0x000002247adae690, 0x000002247adb1340,
0x000002247addca00, 0x000002247adddbc0, 0x000002247adde560, 0x000002247e001320,
0x000002247e006160, 0x000002247e0ce3d0, 0x000002247e0d12b0, 0x000002247e20bfc0,
0x000002247e25e470, 0x000002247e2eb160, 0x000002247e7d5890, 0x00000224540cb7b0,
0x0000022454014840, 0x000002247fcd43b0, 0x000002247e9919b0, 0x000002247e992020,
0x000002247f1186d0, 0x000002247f2ad070, 0x00000224540dc570, 0x00000224540db1c0,
0x00000224540dcc00, 0x00000224540db850, 0x00000224540d9e10, 0x00000224540dd290,
0x00000224540da4a0, 0x00000224540dab30, 0x0000022457e1b110, 0x0000022457e196d0,
0x00000224570885e0, 0x0000022457089cc0
}

Java Threads: ( => current thread )
  0x000002247ad1fd80 JavaThread "main"                              [_thread_blocked, id=29880, stack(0x0000006b4c900000,0x0000006b4ca00000) (1024K)]
  0x000002247adad870 JavaThread "Reference Handler"          daemon [_thread_blocked, id=9720, stack(0x0000006b4cc00000,0x0000006b4cd00000) (1024K)]
  0x000002247adae690 JavaThread "Finalizer"                  daemon [_thread_blocked, id=32824, stack(0x0000006b4cd00000,0x0000006b4ce00000) (1024K)]
  0x000002247adb1340 JavaThread "Signal Dispatcher"          daemon [_thread_blocked, id=12244, stack(0x0000006b4ce00000,0x0000006b4cf00000) (1024K)]
  0x000002247addca00 JavaThread "Attach Listener"            daemon [_thread_blocked, id=35108, stack(0x0000006b4cf00000,0x0000006b4d000000) (1024K)]
  0x000002247adddbc0 JavaThread "Service Thread"             daemon [_thread_blocked, id=36004, stack(0x0000006b4d000000,0x0000006b4d100000) (1024K)]
  0x000002247adde560 JavaThread "Monitor Deflation Thread"   daemon [_thread_blocked, id=30144, stack(0x0000006b4d100000,0x0000006b4d200000) (1024K)]
  0x000002247e001320 JavaThread "C2 CompilerThread0"         daemon [_thread_blocked, id=14968, stack(0x0000006b4d200000,0x0000006b4d300000) (1024K)]
  0x000002247e006160 JavaThread "C1 CompilerThread0"         daemon [_thread_blocked, id=32472, stack(0x0000006b4d300000,0x0000006b4d400000) (1024K)]
  0x000002247e0ce3d0 JavaThread "C1 CompilerThread1"         daemon [_thread_blocked, id=33192, stack(0x0000006b4d400000,0x0000006b4d500000) (1024K)]
  0x000002247e0d12b0 JavaThread "C1 CompilerThread2"         daemon [_thread_blocked, id=29244, stack(0x0000006b4d500000,0x0000006b4d600000) (1024K)]
  0x000002247e20bfc0 JavaThread "C2 CompilerThread1"         daemon [_thread_blocked, id=30660, stack(0x0000006b4d600000,0x0000006b4d700000) (1024K)]
  0x000002247e25e470 JavaThread "Common-Cleaner"             daemon [_thread_blocked, id=22180, stack(0x0000006b4d700000,0x0000006b4d800000) (1024K)]
  0x000002247e2eb160 JavaThread "Notification Thread"        daemon [_thread_blocked, id=37156, stack(0x0000006b4d800000,0x0000006b4d900000) (1024K)]
  0x000002247e7d5890 JavaThread "C1 CompilerThread3"         daemon [_thread_blocked, id=12468, stack(0x0000006b4dd00000,0x0000006b4de00000) (1024K)]
  0x00000224540cb7b0 JavaThread "Daemon health stats"               [_thread_blocked, id=29028, stack(0x0000006b4da00000,0x0000006b4db00000) (1024K)]
  0x0000022454014840 JavaThread "Incoming local TCP Connector on port 51016"        [_thread_in_native, id=38788, stack(0x0000006b4db00000,0x0000006b4dc00000) (1024K)]
  0x000002247fcd43b0 JavaThread "Daemon periodic checks"            [_thread_blocked, id=20884, stack(0x0000006b4dc00000,0x0000006b4dd00000) (1024K)]
  0x000002247e9919b0 JavaThread "Daemon"                            [_thread_blocked, id=33356, stack(0x0000006b4de00000,0x0000006b4df00000) (1024K)]
  0x000002247e992020 JavaThread "Handler for socket connection from /127.0.0.1:51016 to /127.0.0.1:51017"        [_thread_in_native, id=32392, stack(0x0000006b4df00000,0x0000006b4e000000) (1024K)]
  0x000002247f1186d0 JavaThread "Cancel handler"                    [_thread_blocked, id=24864, stack(0x0000006b4e000000,0x0000006b4e100000) (1024K)]
  0x000002247f2ad070 JavaThread "Daemon worker"                     [_thread_blocked, id=15428, stack(0x0000006b4e100000,0x0000006b4e200000) (1024K)]
  0x00000224540dc570 JavaThread "Asynchronous log dispatcher for DefaultDaemonConnection: socket connection from /127.0.0.1:51016 to /127.0.0.1:51017"        [_thread_blocked, id=37944, stack(0x0000006b4e200000,0x0000006b4e300000) (1024K)]
  0x00000224540db1c0 JavaThread "Stdin handler"                     [_thread_blocked, id=10080, stack(0x0000006b4e300000,0x0000006b4e400000) (1024K)]
  0x00000224540dcc00 JavaThread "Daemon client event forwarder"        [_thread_blocked, id=3240, stack(0x0000006b4e400000,0x0000006b4e500000) (1024K)]
  0x00000224540db850 JavaThread "Cache worker for journal cache (C:\Users\faiza\.gradle\caches\journal-1)"        [_thread_blocked, id=30484, stack(0x0000006b4e500000,0x0000006b4e600000) (1024K)]
  0x00000224540d9e10 JavaThread "File lock request listener"        [_thread_in_native, id=37672, stack(0x0000006b4e600000,0x0000006b4e700000) (1024K)]
  0x00000224540dd290 JavaThread "Cache worker for file hash cache (C:\Users\faiza\.gradle\caches\8.14.3\fileHashes)"        [_thread_blocked, id=25492, stack(0x0000006b4e700000,0x0000006b4e800000) (1024K)]
  0x00000224540da4a0 JavaThread "Cache worker for file hash cache (C:\android-dev\Rancak\.gradle\8.14.3\fileHashes)"        [_thread_blocked, id=37348, stack(0x0000006b4e900000,0x0000006b4ea00000) (1024K)]
  0x00000224540dab30 JavaThread "Cache worker for Build Output Cleanup Cache (C:\android-dev\Rancak\.gradle\buildOutputCleanup)"        [_thread_blocked, id=21960, stack(0x0000006b4ea00000,0x0000006b4eb00000) (1024K)]
  0x0000022457e1b110 JavaThread "File watcher server"        daemon [_thread_in_native, id=34728, stack(0x0000006b4eb00000,0x0000006b4ec00000) (1024K)]
  0x0000022457e196d0 JavaThread "File watcher consumer"      daemon [_thread_blocked, id=38820, stack(0x0000006b4ec00000,0x0000006b4ed00000) (1024K)]
  0x00000224570885e0 JavaThread "C2 CompilerThread2"         daemon [_thread_blocked, id=29900, stack(0x0000006b4d900000,0x0000006b4da00000) (1024K)]
=>0x0000022457089cc0 JavaThread "C2 CompilerThread3"         daemon [_thread_in_native, id=7496, stack(0x0000006b4e800000,0x0000006b4e900000) (1024K)]
Total: 34

Other Threads:
  0x000002247ad92250 VMThread "VM Thread"                           [id=29272, stack(0x0000006b4cb00000,0x0000006b4cc00000) (1024K)] _threads_hazard_ptr=0x0000022454f05550
  0x000002247dffc8d0 WatcherThread "VM Periodic Task Thread"        [id=24496, stack(0x0000006b4ca00000,0x0000006b4cb00000) (1024K)]
Total: 2

Threads with active compile tasks:
C2 CompilerThread0  4484 4355       4       java.lang.String::split (148 bytes)
C2 CompilerThread1  4484 4388       4       java.net.URLClassLoader$1::run (5 bytes)
C2 CompilerThread2  4484 4398   !   4       java.lang.ClassLoader::loadClass (121 bytes)
C2 CompilerThread3  4484 4387   !   4       java.net.URLClassLoader::findClass (47 bytes)
Total: 4

VM state: synchronizing (normal execution)

VM Mutex/Monitor currently owned by a thread:  ([mutex/lock_event])
[0x00007ff86266e560] Threads_lock - owner thread: 0x000002247ad92250

Heap address: 0x00000000a0000000, size: 1536 MB, Compressed Oops mode: 32-bit

CDS archive(s) mapped at: [0x000002240f000000-0x000002240fba0000-0x000002240fba0000), size 12189696, SharedBaseAddress: 0x000002240f000000, ArchiveRelocationMode: 1.
Compressed class space mapped at: 0x0000022410000000-0x0000022450000000, reserved size: 1073741824
Narrow klass base: 0x000002240f000000, Narrow klass shift: 0, Narrow klass range: 0x100000000

GC Precious Log:
 CardTable entry size: 512
 CPUs: 16 total, 16 available
 Memory: 32472M
 Large Page Support: Disabled
 NUMA Support: Disabled
 Compressed Oops: Enabled (32-bit)
 Heap Min Capacity: 8M
 Heap Initial Capacity: 508M
 Heap Max Capacity: 1536M
 Pre-touch: Disabled

Heap:
 def new generation   total 156160K, used 102804K [0x00000000a0000000, 0x00000000aa970000, 0x00000000c0000000)
  eden space 138816K,  74% used [0x00000000a0000000, 0x00000000a6465010, 0x00000000a8790000)
  from space 17344K,   0% used [0x00000000a8790000, 0x00000000a8790000, 0x00000000a9880000)
  to   space 17344K,   0% used [0x00000000a9880000, 0x00000000a9880000, 0x00000000aa970000)
 tenured generation   total 346816K, used 22306K [0x00000000c0000000, 0x00000000d52b0000, 0x0000000100000000)
   the space 346816K,   6% used [0x00000000c0000000, 0x00000000c15c8858, 0x00000000c15c8a00, 0x00000000d52b0000)
 Metaspace       used 34106K, committed 35136K, reserved 1114112K
  class space    used 4768K, committed 5248K, reserved 1048576K

Card table byte_map: [0x000002247a6c0000,0x000002247a9d0000] _byte_map_base: 0x000002247a1c0000

Polling page: 0x0000022478d40000

Metaspace:

Usage:
  Non-class:     28.65 MB used.
      Class:      4.66 MB used.
       Both:     33.31 MB used.

Virtual space:
  Non-class space:       64.00 MB reserved,      29.19 MB ( 46%) committed,  1 nodes.
      Class space:        1.00 GB reserved,       5.12 MB ( <1%) committed,  1 nodes.
             Both:        1.06 GB reserved,      34.31 MB (  3%) committed. 

Chunk freelists:
   Non-Class:  2.31 MB
       Class:  10.88 MB
        Both:  13.19 MB

MaxMetaspaceSize: unlimited
CompressedClassSpaceSize: 1.00 GB
Initial GC threshold: 21.00 MB
Current GC threshold: 35.00 MB
CDS: on
 - commit_granule_bytes: 65536.
 - commit_granule_words: 8192.
 - virtual_space_node_default_size: 8388608.
 - enlarge_chunks_in_place: 1.
 - use_allocation_guard: 0.


Internal statistics:

num_allocs_failed_limit: 3.
num_arena_births: 1706.
num_arena_deaths: 0.
num_vsnodes_births: 2.
num_vsnodes_deaths: 0.
num_space_committed: 549.
num_space_uncommitted: 0.
num_chunks_returned_to_freelist: 3.
num_chunks_taken_from_freelist: 3157.
num_chunk_merges: 3.
num_chunk_splits: 2045.
num_chunks_enlarged: 1277.
num_inconsistent_stats: 0.

CodeHeap 'non-profiled nmethods': size=119168Kb used=2357Kb max_used=2357Kb free=116811Kb
 bounds [0x0000022407ba0000, 0x0000022407e10000, 0x000002240f000000]
CodeHeap 'profiled nmethods': size=119104Kb used=8674Kb max_used=8674Kb free=110430Kb
 bounds [0x0000022400000000, 0x0000022400880000, 0x0000022407450000]
CodeHeap 'non-nmethods': size=7488Kb used=3352Kb max_used=3376Kb free=4135Kb
 bounds [0x0000022407450000, 0x00000224077b0000, 0x0000022407ba0000]
CodeCache: size=245760Kb, used=14383Kb, max_used=14407Kb, free=231376Kb
 total_blobs=5105, nmethods=4410, adapters=598, full_count=0
Compilation: enabled, stopped_count=0, restarted_count=0

Compilation events (20 events):
Event: 3.355 Thread 0x000002247e7d5890 4406       3       kotlin.jvm.internal.Intrinsics::checkNotNullParameter (9 bytes)
Event: 3.355 Thread 0x000002247e7d5890 nmethod 4406 0x0000022400873a90 code [0x0000022400873ca0, 0x00000224008741a0]
Event: 3.356 Thread 0x000002247e7d5890 4407       3       jdk.internal.loader.URLClassPath$JarLoader$2::getInputStream (15 bytes)
Event: 3.356 Thread 0x000002247e7d5890 nmethod 4407 0x0000022400874390 code [0x0000022400874540, 0x0000022400874720]
Event: 3.362 Thread 0x00000224570885e0 nmethod 4348 0x0000022407dde410 code [0x0000022407dde960, 0x0000022407de1f68]
Event: 3.363 Thread 0x00000224570885e0 4398   !   4       java.lang.ClassLoader::loadClass (121 bytes)
Event: 3.366 Thread 0x000002247e006160 4408       3       java.util.regex.CharPredicates$$Lambda/0x0000022410067de8::is (9 bytes)
Event: 3.366 Thread 0x000002247e0d12b0 4409       3       java.util.regex.CharPredicates::lambda$ctype$17 (21 bytes)
Event: 3.367 Thread 0x000002247e0d12b0 nmethod 4409 0x0000022400874810 code [0x00000224008749c0, 0x0000022400874cb8]
Event: 3.367 Thread 0x000002247e006160 nmethod 4408 0x0000022400874e10 code [0x0000022400874fe0, 0x0000022400875358]
Event: 3.377 Thread 0x000002247e0d12b0 4415       3       java.util.ArrayList::<init> (65 bytes)
Event: 3.377 Thread 0x000002247e0d12b0 nmethod 4415 0x0000022400875490 code [0x00000224008756a0, 0x0000022400875c08]
Event: 3.378 Thread 0x000002247e006160 4417       3       java.lang.invoke.DirectMethodHandle::preparedFieldLambdaForm (48 bytes)
Event: 3.378 Thread 0x000002247e006160 nmethod 4417 0x0000022400875d90 code [0x0000022400875f80, 0x0000022400876390]
Event: 3.397 Thread 0x000002247e006160 4421   !   3       jdk.internal.loader.Resource::getBytes (244 bytes)
Event: 3.399 Thread 0x000002247e006160 nmethod 4421 0x0000022400876510 code [0x0000022400876840, 0x0000022400877ed8]
Event: 3.408 Thread 0x000002247e20bfc0 nmethod 4352 0x0000022407de5310 code [0x0000022407de5780, 0x0000022407de93a8]
Event: 3.409 Thread 0x000002247e20bfc0 4419 %     4       jdk.internal.loader.URLClassPath::getResource @ 39 (74 bytes)
Event: 3.417 Thread 0x000002247e20bfc0 nmethod 4419% 0x0000022407dec710 code [0x0000022407dec940, 0x0000022407decec8]
Event: 3.417 Thread 0x000002247e20bfc0 4388       4       java.net.URLClassLoader$1::run (5 bytes)

GC Heap History (4 events):
Event: 1.040 GC heap before
{Heap before GC invocations=0 (full 0):
 def new generation   total 156096K, used 138816K [0x00000000a0000000, 0x00000000aa950000, 0x00000000c0000000)
  eden space 138816K, 100% used [0x00000000a0000000, 0x00000000a8790000, 0x00000000a8790000)
  from space 17280K,   0% used [0x00000000a8790000, 0x00000000a8790000, 0x00000000a9870000)
  to   space 17280K,   0% used [0x00000000a9870000, 0x00000000a9870000, 0x00000000aa950000)
 tenured generation   total 346816K, used 0K [0x00000000c0000000, 0x00000000d52b0000, 0x0000000100000000)
   the space 346816K,   0% used [0x00000000c0000000, 0x00000000c0000000, 0x00000000c0000200, 0x00000000d52b0000)
 Metaspace       used 6055K, committed 6272K, reserved 1114112K
  class space    used 805K, committed 896K, reserved 1048576K
}
Event: 1.051 GC heap after
{Heap after GC invocations=1 (full 0):
 def new generation   total 156096K, used 16559K [0x00000000a0000000, 0x00000000aa950000, 0x00000000c0000000)
  eden space 138816K,   0% used [0x00000000a0000000, 0x00000000a0000000, 0x00000000a8790000)
  from space 17280K,  95% used [0x00000000a9870000, 0x00000000aa89bdc0, 0x00000000aa950000)
  to   space 17280K,   0% used [0x00000000a8790000, 0x00000000a8790000, 0x00000000a9870000)
 tenured generation   total 346816K, used 0K [0x00000000c0000000, 0x00000000d52b0000, 0x0000000100000000)
   the space 346816K,   0% used [0x00000000c0000000, 0x00000000c0000000, 0x00000000c0000200, 0x00000000d52b0000)
 Metaspace       used 6055K, committed 6272K, reserved 1114112K
  class space    used 805K, committed 896K, reserved 1048576K
}
Event: 2.255 GC heap before
{Heap before GC invocations=1 (full 0):
 def new generation   total 156096K, used 112719K [0x00000000a0000000, 0x00000000aa950000, 0x00000000c0000000)
  eden space 138816K,  69% used [0x00000000a0000000, 0x00000000a5de7ee0, 0x00000000a8790000)
  from space 17280K,  95% used [0x00000000a9870000, 0x00000000aa89bdc0, 0x00000000aa950000)
  to   space 17280K,   0% used [0x00000000a8790000, 0x00000000a8790000, 0x00000000a9870000)
 tenured generation   total 346816K, used 0K [0x00000000c0000000, 0x00000000d52b0000, 0x0000000100000000)
   the space 346816K,   0% used [0x00000000c0000000, 0x00000000c0000000, 0x00000000c0000200, 0x00000000d52b0000)
 Metaspace       used 20834K, committed 21504K, reserved 1114112K
  class space    used 3069K, committed 3392K, reserved 1048576K
}
Event: 2.309 GC heap after
{Heap after GC invocations=2 (full 1):
 def new generation   total 156160K, used 0K [0x00000000a0000000, 0x00000000aa970000, 0x00000000c0000000)
  eden space 138816K,   0% used [0x00000000a0000000, 0x00000000a0000000, 0x00000000a8790000)
  from space 17344K,   0% used [0x00000000a8790000, 0x00000000a8790000, 0x00000000a9880000)
  to   space 17344K,   0% used [0x00000000a9880000, 0x00000000a9880000, 0x00000000aa970000)
 tenured generation   total 346816K, used 22306K [0x00000000c0000000, 0x00000000d52b0000, 0x0000000100000000)
   the space 346816K,   6% used [0x00000000c0000000, 0x00000000c15c8858, 0x00000000c15c8a00, 0x00000000d52b0000)
 Metaspace       used 20834K, committed 21504K, reserved 1114112K
  class space    used 3069K, committed 3392K, reserved 1048576K
}

Dll operation events (14 events):
Event: 0.006 Loaded shared library C:\Users\faiza\.vscode\extensions\redhat.java-1.53.0-win32-x64\jre\21.0.10-win32-x86_64\bin\java.dll
Event: 0.050 Loaded shared library C:\Users\faiza\.vscode\extensions\redhat.java-1.53.0-win32-x64\jre\21.0.10-win32-x86_64\bin\zip.dll
Event: 0.062 Loaded shared library C:\Users\faiza\.vscode\extensions\redhat.java-1.53.0-win32-x64\jre\21.0.10-win32-x86_64\bin\instrument.dll
Event: 0.064 Loaded shared library C:\Users\faiza\.vscode\extensions\redhat.java-1.53.0-win32-x64\jre\21.0.10-win32-x86_64\bin\net.dll
Event: 0.065 Loaded shared library C:\Users\faiza\.vscode\extensions\redhat.java-1.53.0-win32-x64\jre\21.0.10-win32-x86_64\bin\nio.dll
Event: 0.067 Loaded shared library C:\Users\faiza\.vscode\extensions\redhat.java-1.53.0-win32-x64\jre\21.0.10-win32-x86_64\bin\zip.dll
Event: 0.207 Loaded shared library C:\Users\faiza\.vscode\extensions\redhat.java-1.53.0-win32-x64\jre\21.0.10-win32-x86_64\bin\jimage.dll
Event: 0.284 Loaded shared library C:\Users\faiza\.vscode\extensions\redhat.java-1.53.0-win32-x64\jre\21.0.10-win32-x86_64\bin\verify.dll
Event: 0.353 Loaded shared library C:\Users\faiza\.gradle\native\1def1411415f61bf3af743bc5b6707747c0891f09f0c88961ee8f79bc544acac\windows-amd64\native-platform.dll
Event: 0.359 Loaded shared library C:\Users\faiza\.gradle\native\0.2.7\x86_64-windows-gnu\gradle-fileevents.dll
Event: 1.063 Loaded shared library C:\Users\faiza\.vscode\extensions\redhat.java-1.53.0-win32-x64\jre\21.0.10-win32-x86_64\bin\management.dll
Event: 1.065 Loaded shared library C:\Users\faiza\.vscode\extensions\redhat.java-1.53.0-win32-x64\jre\21.0.10-win32-x86_64\bin\management_ext.dll
Event: 1.151 Loaded shared library C:\Users\faiza\.vscode\extensions\redhat.java-1.53.0-win32-x64\jre\21.0.10-win32-x86_64\bin\extnet.dll
Event: 1.268 Loaded shared library C:\Users\faiza\.vscode\extensions\redhat.java-1.53.0-win32-x64\jre\21.0.10-win32-x86_64\bin\sunmscapi.dll

Deoptimization events (20 events):
Event: 3.133 Thread 0x000002247f2ad070 Uncommon trap: trap_request=0xffffff45 fr.pc=0x0000022407c46538 relative=0x00000000000013d8
Event: 3.133 Thread 0x000002247f2ad070 Uncommon trap: reason=unstable_if action=reinterpret pc=0x0000022407c46538 method=sun.nio.fs.WindowsPathParser.isSlash(C)Z @ 9 c2
Event: 3.133 Thread 0x000002247f2ad070 DEOPT PACKING pc=0x0000022407c46538 sp=0x0000006b4e1f8830
Event: 3.133 Thread 0x000002247f2ad070 DEOPT UNPACKING pc=0x00000224074a3aa2 sp=0x0000006b4e1f87d0 mode 2
Event: 3.133 Thread 0x000002247f2ad070 Uncommon trap: trap_request=0xffffff45 fr.pc=0x0000022407bc576c relative=0x000000000000004c
Event: 3.133 Thread 0x000002247f2ad070 Uncommon trap: reason=unstable_if action=reinterpret pc=0x0000022407bc576c method=sun.nio.fs.WindowsPathParser.isSlash(C)Z @ 9 c2
Event: 3.133 Thread 0x000002247f2ad070 DEOPT PACKING pc=0x0000022407bc576c sp=0x0000006b4e1f8840
Event: 3.133 Thread 0x000002247f2ad070 DEOPT UNPACKING pc=0x00000224074a3aa2 sp=0x0000006b4e1f87c8 mode 2
Event: 3.140 Thread 0x000002247f2ad070 Uncommon trap: trap_request=0xffffffc6 fr.pc=0x0000022407d7510c relative=0x000000000000274c
Event: 3.140 Thread 0x000002247f2ad070 Uncommon trap: reason=bimorphic_or_optimized_type_check action=maybe_recompile pc=0x0000022407d7510c method=java.net.URL.<init>(Ljava/net/URL;Ljava/lang/String;Ljava/net/URLStreamHandler;)V @ 504 c2
Event: 3.140 Thread 0x000002247f2ad070 DEOPT PACKING pc=0x0000022407d7510c sp=0x0000006b4e1f8270
Event: 3.140 Thread 0x000002247f2ad070 DEOPT UNPACKING pc=0x00000224074a3aa2 sp=0x0000006b4e1f81f0 mode 2
Event: 3.461 Thread 0x000002247f2ad070 Uncommon trap: trap_request=0xffffffde fr.pc=0x0000022407baed48 relative=0x00000000000001a8
Event: 3.461 Thread 0x000002247f2ad070 Uncommon trap: reason=class_check action=maybe_recompile pc=0x0000022407baed48 method=java.lang.String.equals(Ljava/lang/Object;)Z @ 8 c2
Event: 3.461 Thread 0x000002247f2ad070 DEOPT PACKING pc=0x0000022407baed48 sp=0x0000006b4e1fa660
Event: 3.461 Thread 0x000002247f2ad070 DEOPT UNPACKING pc=0x00000224074a3aa2 sp=0x0000006b4e1fa5f8 mode 2
Event: 3.463 Thread 0x000002247f2ad070 Uncommon trap: trap_request=0xffffffde fr.pc=0x0000022407baed48 relative=0x00000000000001a8
Event: 3.463 Thread 0x000002247f2ad070 Uncommon trap: reason=class_check action=maybe_recompile pc=0x0000022407baed48 method=java.lang.String.equals(Ljava/lang/Object;)Z @ 8 c2
Event: 3.464 Thread 0x000002247f2ad070 DEOPT PACKING pc=0x0000022407baed48 sp=0x0000006b4e1fa3a0
Event: 3.464 Thread 0x000002247f2ad070 DEOPT UNPACKING pc=0x00000224074a3aa2 sp=0x0000006b4e1fa338 mode 2

Classes loaded (20 events):
Event: 3.205 Loading class java/util/function/BooleanSupplier
Event: 3.205 Loading class java/util/function/BooleanSupplier done
Event: 3.206 Loading class jdk/internal/jimage/ImageReader$Resource
Event: 3.206 Loading class jdk/internal/jimage/ImageReader$Resource done
Event: 3.254 Loading class java/util/WeakHashMap$KeyIterator
Event: 3.254 Loading class java/util/WeakHashMap$HashIterator
Event: 3.254 Loading class java/util/WeakHashMap$HashIterator done
Event: 3.254 Loading class java/util/WeakHashMap$KeyIterator done
Event: 3.293 Loading class sun/nio/fs/WindowsPath$1
Event: 3.293 Loading class sun/nio/fs/WindowsPath$1 done
Event: 3.294 Loading class sun/nio/fs/WindowsException
Event: 3.294 Loading class sun/nio/fs/WindowsException done
Event: 3.351 Loading class java/util/Collections$SynchronizedRandomAccessList
Event: 3.351 Loading class java/util/Collections$SynchronizedList
Event: 3.351 Loading class java/util/Collections$SynchronizedList done
Event: 3.351 Loading class java/util/Collections$SynchronizedRandomAccessList done
Event: 3.373 Loading class java/lang/invoke/BoundMethodHandle$Species_LLLLLLLLLLLLLLLLLLLLLLLLL
Event: 3.373 Loading class java/lang/invoke/BoundMethodHandle$Species_LLLLLLLLLLLLLLLLLLLLLLLLL done
Event: 3.376 Loading class java/lang/invoke/BoundMethodHandle$Species_LLLLLLLLLLLLLLLLLLLLLLLLLL
Event: 3.376 Loading class java/lang/invoke/BoundMethodHandle$Species_LLLLLLLLLLLLLLLLLLLLLLLLLL done

Classes unloaded (0 events):
No events

Classes redefined (0 events):
No events

Internal exceptions (20 events):
Event: 3.083 Thread 0x000002247f2ad070 Exception <a 'java/lang/ClassNotFoundException'{0x00000000a3e89708}: java/lang/ObjectCustomizer> (0x00000000a3e89708) 
thrown [s\src\hotspot\share\classfile\systemDictionary.cpp, line 312]
Event: 3.086 Thread 0x000002247f2ad070 Exception <a 'java/lang/IncompatibleClassChangeError'{0x00000000a3e9a020}: Found class java.lang.Object, but interface was expected> (0x00000000a3e9a020) 
thrown [s\src\hotspot\share\interpreter\linkResolver.cpp, line 840]
Event: 3.088 Thread 0x000002247f2ad070 Exception <a 'java/lang/ClassNotFoundException'{0x00000000a3eb46b0}: groovy/lang/MetaClassImplCustomizer> (0x00000000a3eb46b0) 
thrown [s\src\hotspot\share\classfile\systemDictionary.cpp, line 312]
Event: 3.090 Thread 0x000002247f2ad070 Exception <a 'java/lang/ClassNotFoundException'{0x00000000a3ede688}: groovy/lang/ExpandoMetaClassCustomizer> (0x00000000a3ede688) 
thrown [s\src\hotspot\share\classfile\systemDictionary.cpp, line 312]
Event: 3.258 Thread 0x000002247f2ad070 Exception <a 'java/lang/ClassNotFoundException'{0x00000000a58fbe08}: org/gradle/internal/extensibility/DefaultExtraPropertiesExtensionBeanInfo> (0x00000000a58fbe08) 
thrown [s\src\hotspot\share\classfile\systemDictionary.cpp, line 312]
Event: 3.259 Thread 0x000002247f2ad070 Exception <a 'java/lang/ClassNotFoundException'{0x00000000a59047b0}: groovy/lang/GroovyObjectSupportBeanInfo> (0x00000000a59047b0) 
thrown [s\src\hotspot\share\classfile\systemDictionary.cpp, line 312]
Event: 3.259 Thread 0x000002247f2ad070 Exception <a 'java/lang/ClassNotFoundException'{0x00000000a590d160}: groovy/lang/GroovyObjectSupportCustomizer> (0x00000000a590d160) 
thrown [s\src\hotspot\share\classfile\systemDictionary.cpp, line 312]
Event: 3.261 Thread 0x000002247f2ad070 Exception <a 'java/lang/ClassNotFoundException'{0x00000000a5927888}: org/gradle/internal/extensibility/DefaultExtraPropertiesExtensionCustomizer> (0x00000000a5927888) 
thrown [s\src\hotspot\share\classfile\systemDictionary.cpp, line 312]
Event: 3.265 Thread 0x000002247f2ad070 Exception <a 'java/lang/IncompatibleClassChangeError'{0x00000000a594a108}: Found class java.lang.Object, but interface was expected> (0x00000000a594a108) 
thrown [s\src\hotspot\share\interpreter\linkResolver.cpp, line 840]
Event: 3.294 Thread 0x000002247f2ad070 Exception <a 'sun/nio/fs/WindowsException'{0x00000000a5a2fb48}> (0x00000000a5a2fb48) 
thrown [s\src\hotspot\share\prims\jni.cpp, line 520]
Event: 3.295 Thread 0x000002247f2ad070 Exception <a 'sun/nio/fs/WindowsException'{0x00000000a5a31070}> (0x00000000a5a31070) 
thrown [s\src\hotspot\share\prims\jni.cpp, line 520]
Event: 3.298 Thread 0x000002247f2ad070 Exception <a 'sun/nio/fs/WindowsException'{0x00000000a5a32540}> (0x00000000a5a32540) 
thrown [s\src\hotspot\share\prims\jni.cpp, line 520]
Event: 3.299 Thread 0x000002247f2ad070 Exception <a 'sun/nio/fs/WindowsException'{0x00000000a5a33a20}> (0x00000000a5a33a20) 
thrown [s\src\hotspot\share\prims\jni.cpp, line 520]
Event: 3.336 Thread 0x000002247f2ad070 Exception <a 'java/lang/NoSuchMethodError'{0x00000000a5b58e08}: 'java.lang.Object java.lang.invoke.Invokers$Holder.invoker(java.lang.Object, java.lang.Object, java.lang.Object, java.lang.Object, java.lang.Object, java.lang.Object)'> (0x00000000a5b58e08) 
thrown [s\src\hotspot\share\interpreter\linkResolver.cpp, line 773]
Event: 3.368 Thread 0x000002247f2ad070 Exception <a 'java/lang/NoSuchMethodError'{0x00000000a5c79c20}: 'java.lang.Object java.lang.invoke.DirectMethodHandle$Holder.invokeSpecial(java.lang.Object, java.lang.Object, java.lang.Object, java.lang.Object, java.lang.Object, java.lang.Object, java.lang.Object, java.lang.Object, java.lang.Object, java.lang.Object, java.lang.Object, java.lang.Object, java.lang.Object, java.lang.Object, java.lang.Object, java.lang.Object, java.lang.Object, java.lang.Object, java.lang.Object, java.lang.Object, java.lang.Ob
Event: 3.368 Thread 0x000002247f2ad070 Exception <a 'java/lang/NoSuchMethodError'{0x00000000a5c7fcf8}: 'java.lang.Object java.lang.invoke.DelegatingMethodHandle$Holder.reinvoke_L(java.lang.Object, java.lang.Object, java.lang.Object, java.lang.Object, java.lang.Object, java.lang.Object, java.lang.Object, java.lang.Object, java.lang.Object, java.lang.Object, java.lang.Object, java.lang.Object, java.lang.Object, java.lang.Object, java.lang.Object, java.lang.Object, java.lang.Object, java.lang.Object, java.lang.Object, java.lang.Object, java.lang.O
Event: 3.368 Thread 0x000002247f2ad070 Exception <a 'java/lang/NoSuchMethodError'{0x00000000a5c8aed0}: 'java.lang.Object java.lang.invoke.Invokers$Holder.invoker(java.lang.Object, java.lang.Object, java.lang.Object, java.lang.Object, java.lang.Object, java.lang.Object, java.lang.Object, java.lang.Object, java.lang.Object, java.lang.Object, java.lang.Object, java.lang.Object, java.lang.Object, java.lang.Object, java.lang.Object, java.lang.Object, java.lang.Object, java.lang.Object, java.lang.Object, java.lang.Object, java.lang.Object, java.lang.
Event: 3.369 Thread 0x000002247f2ad070 Exception <a 'java/lang/NoSuchMethodError'{0x00000000a5c91858}: 'java.lang.Object java.lang.invoke.DelegatingMethodHandle$Holder.delegate(java.lang.Object, java.lang.Object, java.lang.Object, java.lang.Object, java.lang.Object, java.lang.Object, java.lang.Object, java.lang.Object, java.lang.Object, java.lang.Object, java.lang.Object, java.lang.Object, java.lang.Object, java.lang.Object, java.lang.Object, java.lang.Object, java.lang.Object, java.lang.Object, java.lang.Object, java.lang.Object, java.lang.Obj
Event: 3.375 Thread 0x000002247f2ad070 Exception <a 'java/lang/NoSuchMethodError'{0x00000000a5d66170}: 'java.lang.Object java.lang.invoke.DirectMethodHandle$Holder.invokeStatic(java.lang.Object, java.lang.Object, java.lang.Object, java.lang.Object, java.lang.Object, java.lang.Object, java.lang.Object, java.lang.Object, java.lang.Object, java.lang.Object, java.lang.Object, java.lang.Object, java.lang.Object, java.lang.Object, java.lang.Object, java.lang.Object, java.lang.Object, java.lang.Object, java.lang.Object, java.lang.Object, java.lang.Obj
Event: 3.378 Thread 0x000002247f2ad070 Exception <a 'java/lang/NoSuchMethodError'{0x00000000a5d9b578}: 'java.lang.Object java.lang.invoke.DirectMethodHandle$Holder.invokeStatic(java.lang.Object, java.lang.Object, java.lang.Object, java.lang.Object, java.lang.Object, java.lang.Object, java.lang.Object, java.lang.Object, java.lang.Object, java.lang.Object, java.lang.Object, java.lang.Object, java.lang.Object, java.lang.Object, java.lang.Object, java.lang.Object, java.lang.Object, java.lang.Object, java.lang.Object, java.lang.Object, java.lang.Obj

ZGC Phase Switch (0 events):
No events

VM Operations (20 events):
Event: 2.669 Executing non-safepoint VM operation: HandshakeAllThreads (Deoptimize) done
Event: 2.765 Executing safepoint VM operation: ICBufferFull
Event: 2.765 Executing safepoint VM operation: ICBufferFull done
Event: 2.786 Executing non-safepoint VM operation: HandshakeAllThreads (Deoptimize)
Event: 2.786 Executing non-safepoint VM operation: HandshakeAllThreads (Deoptimize) done
Event: 2.871 Executing non-safepoint VM operation: HandshakeAllThreads (Deoptimize)
Event: 2.872 Executing non-safepoint VM operation: HandshakeAllThreads (Deoptimize) done
Event: 3.003 Executing non-safepoint VM operation: HandshakeAllThreads (Deoptimize)
Event: 3.003 Executing non-safepoint VM operation: HandshakeAllThreads (Deoptimize) done
Event: 3.141 Executing non-safepoint VM operation: HandshakeAllThreads (Deoptimize)
Event: 3.141 Executing non-safepoint VM operation: HandshakeAllThreads (Deoptimize) done
Event: 3.142 Executing non-safepoint VM operation: HandshakeAllThreads (Deoptimize)
Event: 3.142 Executing non-safepoint VM operation: HandshakeAllThreads (Deoptimize) done
Event: 3.144 Executing non-safepoint VM operation: HandshakeAllThreads (Deoptimize)
Event: 3.144 Executing non-safepoint VM operation: HandshakeAllThreads (Deoptimize) done
Event: 3.200 Executing safepoint VM operation: ICBufferFull
Event: 3.200 Executing safepoint VM operation: ICBufferFull done
Event: 3.203 Executing non-safepoint VM operation: HandshakeAllThreads (Deoptimize)
Event: 3.204 Executing non-safepoint VM operation: HandshakeAllThreads (Deoptimize) done
Event: 4.208 Executing safepoint VM operation: Cleanup

Memory protections (0 events):
No events

Nmethod flushes (0 events):
No events

Events (20 events):
Event: 1.261 Thread 0x000002247ad1fd80 Thread added: 0x000002247fcd43b0
Event: 1.291 Thread 0x0000022454014840 Thread added: 0x000002247e9919b0
Event: 1.294 Thread 0x000002247e9919b0 Thread added: 0x000002247e992020
Event: 1.318 Thread 0x000002247e9919b0 Thread added: 0x000002247f1186d0
Event: 1.323 Thread 0x000002247e9919b0 Thread added: 0x000002247f2ad070
Event: 1.329 Thread 0x000002247f2ad070 Thread added: 0x00000224540dc570
Event: 1.331 Thread 0x000002247f2ad070 Thread added: 0x00000224540db1c0
Event: 1.333 Thread 0x000002247f2ad070 Thread added: 0x00000224540dcc00
Event: 1.611 Thread 0x000002247f2ad070 Thread added: 0x00000224540db850
Event: 1.617 Thread 0x000002247f2ad070 Thread added: 0x00000224540d9e10
Event: 1.647 Thread 0x000002247f2ad070 Thread added: 0x00000224540dd290
Event: 2.246 Thread 0x000002247e006160 Thread added: 0x0000022454014020
Event: 2.403 Thread 0x000002247f2ad070 Thread added: 0x00000224540da4a0
Event: 2.418 Thread 0x000002247f2ad070 Thread added: 0x00000224540dab30
Event: 2.590 Thread 0x000002247f2ad070 Thread added: 0x0000022457e1b110
Event: 2.595 Thread 0x000002247f2ad070 Thread added: 0x0000022457e196d0
Event: 3.155 Thread 0x0000022454014020 Thread exited: 0x0000022454014020
Event: 3.155 Thread 0x000002247e430de0 Thread exited: 0x000002247e430de0
Event: 3.215 Thread 0x000002247e006160 Thread added: 0x00000224570885e0
Event: 3.227 Thread 0x000002247e20bfc0 Thread added: 0x0000022457089cc0


Dynamic libraries:
0x00007ff64e2e0000 - 0x00007ff64e2ee000 	C:\Users\faiza\.vscode\extensions\redhat.java-1.53.0-win32-x64\jre\21.0.10-win32-x86_64\bin\java.exe
0x00007ff9599e0000 - 0x00007ff959c47000 	C:\WINDOWS\SYSTEM32\ntdll.dll
0x00007ff9595d0000 - 0x00007ff959699000 	C:\WINDOWS\System32\KERNEL32.DLL
0x00007ff9565a0000 - 0x00007ff956994000 	C:\WINDOWS\System32\KERNELBASE.dll
0x00007ff9569a0000 - 0x00007ff956aeb000 	C:\WINDOWS\System32\ucrtbase.dll
0x00007ff92a550000 - 0x00007ff92a568000 	C:\Users\faiza\.vscode\extensions\redhat.java-1.53.0-win32-x64\jre\21.0.10-win32-x86_64\bin\jli.dll
0x00007ff92e600000 - 0x00007ff92e61e000 	C:\Users\faiza\.vscode\extensions\redhat.java-1.53.0-win32-x64\jre\21.0.10-win32-x86_64\bin\VCRUNTIME140.dll
0x00007ff958900000 - 0x00007ff958ac5000 	C:\WINDOWS\System32\USER32.dll
0x00007ff9407a0000 - 0x00007ff940a33000 	C:\WINDOWS\WinSxS\amd64_microsoft.windows.common-controls_6595b64144ccf1df_6.0.26100.8115_none_3e075c82e3354f9c\COMCTL32.dll
0x00007ff956570000 - 0x00007ff956597000 	C:\WINDOWS\System32\win32u.dll
0x00007ff9585b0000 - 0x00007ff958659000 	C:\WINDOWS\System32\msvcrt.dll
0x00007ff9583a0000 - 0x00007ff9583cb000 	C:\WINDOWS\System32\GDI32.dll
0x00007ff957640000 - 0x00007ff95776a000 	C:\WINDOWS\System32\gdi32full.dll
0x00007ff9574e0000 - 0x00007ff957583000 	C:\WINDOWS\System32\msvcp_win.dll
0x00007ff958ad0000 - 0x00007ff958b02000 	C:\WINDOWS\System32\IMM32.DLL
0x00007ff93c590000 - 0x00007ff93c59c000 	C:\Users\faiza\.vscode\extensions\redhat.java-1.53.0-win32-x64\jre\21.0.10-win32-x86_64\bin\vcruntime140_1.dll
0x00007ff8b1460000 - 0x00007ff8b14ed000 	C:\Users\faiza\.vscode\extensions\redhat.java-1.53.0-win32-x64\jre\21.0.10-win32-x86_64\bin\msvcp140.dll
0x00007ff8619b0000 - 0x00007ff862751000 	C:\Users\faiza\.vscode\extensions\redhat.java-1.53.0-win32-x64\jre\21.0.10-win32-x86_64\bin\server\jvm.dll
0x00007ff958780000 - 0x00007ff958836000 	C:\WINDOWS\System32\ADVAPI32.dll
0x00007ff958670000 - 0x00007ff958717000 	C:\WINDOWS\System32\sechost.dll
0x00007ff9596a0000 - 0x00007ff9597b8000 	C:\WINDOWS\System32\RPCRT4.dll
0x00007ff959540000 - 0x00007ff9595c0000 	C:\WINDOWS\System32\WS2_32.dll
0x00007ff956110000 - 0x00007ff95616e000 	C:\WINDOWS\SYSTEM32\POWRPROF.dll
0x00007ff94d700000 - 0x00007ff94d736000 	C:\WINDOWS\SYSTEM32\WINMM.dll
0x00007ff940a40000 - 0x00007ff940a4b000 	C:\WINDOWS\SYSTEM32\VERSION.dll
0x00007ff9560f0000 - 0x00007ff956104000 	C:\WINDOWS\SYSTEM32\UMPDC.dll
0x00007ff955000000 - 0x00007ff95501b000 	C:\WINDOWS\SYSTEM32\kernel.appcore.dll
0x00007ff937b10000 - 0x00007ff937b1a000 	C:\Users\faiza\.vscode\extensions\redhat.java-1.53.0-win32-x64\jre\21.0.10-win32-x86_64\bin\jimage.dll
0x00007ff9541c0000 - 0x00007ff954402000 	C:\WINDOWS\SYSTEM32\DBGHELP.DLL
0x00007ff957f60000 - 0x00007ff9582e2000 	C:\WINDOWS\System32\combase.dll
0x00007ff9584d0000 - 0x00007ff9585a7000 	C:\WINDOWS\System32\OLEAUT32.dll
0x00007ff93bcb0000 - 0x00007ff93bceb000 	C:\WINDOWS\SYSTEM32\dbgcore.DLL
0x00007ff957590000 - 0x00007ff957635000 	C:\WINDOWS\System32\bcryptPrimitives.dll
0x00007ff937480000 - 0x00007ff93748f000 	C:\Users\faiza\.vscode\extensions\redhat.java-1.53.0-win32-x64\jre\21.0.10-win32-x86_64\bin\instrument.dll
0x00007ff929060000 - 0x00007ff929080000 	C:\Users\faiza\.vscode\extensions\redhat.java-1.53.0-win32-x64\jre\21.0.10-win32-x86_64\bin\java.dll
0x00007ff957790000 - 0x00007ff957ef6000 	C:\WINDOWS\System32\SHELL32.dll
0x00007ff956400000 - 0x00007ff95656a000 	C:\WINDOWS\System32\wintypes.dll
0x00007ff956af0000 - 0x00007ff957355000 	C:\WINDOWS\System32\windows.storage.dll
0x00007ff9583d0000 - 0x00007ff9584c7000 	C:\WINDOWS\System32\SHCORE.dll
0x00007ff9597c0000 - 0x00007ff959826000 	C:\WINDOWS\System32\shlwapi.dll
0x00007ff9561d0000 - 0x00007ff9561f9000 	C:\WINDOWS\SYSTEM32\profapi.dll
0x00007ff928d20000 - 0x00007ff928d38000 	C:\Users\faiza\.vscode\extensions\redhat.java-1.53.0-win32-x64\jre\21.0.10-win32-x86_64\bin\zip.dll
0x00007ff935150000 - 0x00007ff935160000 	C:\Users\faiza\.vscode\extensions\redhat.java-1.53.0-win32-x64\jre\21.0.10-win32-x86_64\bin\net.dll
0x00007ff94c7e0000 - 0x00007ff94c90d000 	C:\WINDOWS\SYSTEM32\WINHTTP.dll
0x00007ff955550000 - 0x00007ff9555bc000 	C:\WINDOWS\system32\mswsock.dll
0x00007ff928710000 - 0x00007ff928726000 	C:\Users\faiza\.vscode\extensions\redhat.java-1.53.0-win32-x64\jre\21.0.10-win32-x86_64\bin\nio.dll
0x00007ff934ab0000 - 0x00007ff934ac0000 	C:\Users\faiza\.vscode\extensions\redhat.java-1.53.0-win32-x64\jre\21.0.10-win32-x86_64\bin\verify.dll
0x00007ff935100000 - 0x00007ff935127000 	C:\Users\faiza\.gradle\native\1def1411415f61bf3af743bc5b6707747c0891f09f0c88961ee8f79bc544acac\windows-amd64\native-platform.dll
0x00007ff8bb2c0000 - 0x00007ff8bb338000 	C:\Users\faiza\.gradle\native\0.2.7\x86_64-windows-gnu\gradle-fileevents.dll
0x00007ff92e5f0000 - 0x00007ff92e5fa000 	C:\Users\faiza\.vscode\extensions\redhat.java-1.53.0-win32-x64\jre\21.0.10-win32-x86_64\bin\management.dll
0x00007ff92a6c0000 - 0x00007ff92a6cc000 	C:\Users\faiza\.vscode\extensions\redhat.java-1.53.0-win32-x64\jre\21.0.10-win32-x86_64\bin\management_ext.dll
0x00007ff957f50000 - 0x00007ff957f58000 	C:\WINDOWS\System32\PSAPI.DLL
0x00007ff954900000 - 0x00007ff954932000 	C:\WINDOWS\SYSTEM32\IPHLPAPI.DLL
0x00007ff958660000 - 0x00007ff95866a000 	C:\WINDOWS\System32\NSI.dll
0x00007ff92a120000 - 0x00007ff92a129000 	C:\Users\faiza\.vscode\extensions\redhat.java-1.53.0-win32-x64\jre\21.0.10-win32-x86_64\bin\extnet.dll
0x00007ff955950000 - 0x00007ff95596b000 	C:\WINDOWS\SYSTEM32\CRYPTSP.dll
0x00007ff954f60000 - 0x00007ff954f99000 	C:\WINDOWS\system32\rsaenh.dll
0x00007ff955600000 - 0x00007ff955633000 	C:\WINDOWS\SYSTEM32\USERENV.dll
0x00007ff9561a0000 - 0x00007ff9561ca000 	C:\WINDOWS\SYSTEM32\bcrypt.dll
0x00007ff9557b0000 - 0x00007ff9557bc000 	C:\WINDOWS\SYSTEM32\CRYPTBASE.dll
0x00007ff92a1d0000 - 0x00007ff92a1de000 	C:\Users\faiza\.vscode\extensions\redhat.java-1.53.0-win32-x64\jre\21.0.10-win32-x86_64\bin\sunmscapi.dll
0x00007ff957360000 - 0x00007ff9574d7000 	C:\WINDOWS\System32\CRYPT32.dll
0x00007ff955ab0000 - 0x00007ff955ae0000 	C:\WINDOWS\SYSTEM32\ncrypt.dll
0x00007ff955a60000 - 0x00007ff955a9f000 	C:\WINDOWS\SYSTEM32\NTASN1.dll
0x00007ff9534e0000 - 0x00007ff9534e8000 	C:\WINDOWS\system32\wshunix.dll

JVMTI agents:
C:\Users\faiza\.gradle\wrapper\dists\gradle-8.14.3-bin\cv11ve7ro1n3o1j4so8xd9n66\gradle-8.14.3\lib\agents\gradle-instrumentation-agent-8.14.3.jar path:C:\Users\faiza\.vscode\extensions\redhat.java-1.53.0-win32-x64\jre\21.0.10-win32-x86_64\bin\instrument.dll, loaded, initialized, instrumentlib options:none

dbghelp: loaded successfully - version: 4.0.5 - missing functions: none
symbol engine: initialized successfully - sym options: 0x614 - pdb path: .;C:\Users\faiza\.vscode\extensions\redhat.java-1.53.0-win32-x64\jre\21.0.10-win32-x86_64\bin;C:\WINDOWS\SYSTEM32;C:\WINDOWS\WinSxS\amd64_microsoft.windows.common-controls_6595b64144ccf1df_6.0.26100.8115_none_3e075c82e3354f9c;C:\Users\faiza\.vscode\extensions\redhat.java-1.53.0-win32-x64\jre\21.0.10-win32-x86_64\bin\server;C:\Users\faiza\.gradle\native\1def1411415f61bf3af743bc5b6707747c0891f09f0c88961ee8f79bc544acac\windows-amd64;C:\Users\faiza\.gradle\native\0.2.7\x86_64-windows-gnu

VM Arguments:
jvm_args: --add-opens=java.base/java.lang=ALL-UNNAMED --add-opens=java.base/java.lang.invoke=ALL-UNNAMED --add-opens=java.base/java.util=ALL-UNNAMED --add-opens=java.prefs/java.util.prefs=ALL-UNNAMED --add-exports=jdk.compiler/com.sun.tools.javac.api=ALL-UNNAMED --add-exports=jdk.compiler/com.sun.tools.javac.util=ALL-UNNAMED --add-opens=java.base/java.util=ALL-UNNAMED --add-opens=java.prefs/java.util.prefs=ALL-UNNAMED --add-opens=java.base/java.nio.charset=ALL-UNNAMED --add-opens=java.base/java.net=ALL-UNNAMED --add-opens=java.base/java.util.concurrent.atomic=ALL-UNNAMED --add-opens=java.xml/javax.xml.namespace=ALL-UNNAMED -XX:+UseSerialGC -Xmx1536M -Dfile.encoding=UTF-8 -Duser.country=ID -Duser.language=en -Duser.variant -javaagent:C:\Users\faiza\.gradle\wrapper\dists\gradle-8.14.3-bin\cv11ve7ro1n3o1j4so8xd9n66\gradle-8.14.3\lib\agents\gradle-instrumentation-agent-8.14.3.jar 
java_command: org.gradle.launcher.daemon.bootstrap.GradleDaemon 8.14.3
java_class_path (initial): C:\Users\faiza\.gradle\wrapper\dists\gradle-8.14.3-bin\cv11ve7ro1n3o1j4so8xd9n66\gradle-8.14.3\lib\gradle-daemon-main-8.14.3.jar
Launcher Type: SUN_STANDARD

[Global flags]
     intx CICompilerCount                          = 12                                        {product} {ergonomic}
   size_t InitialHeapSize                          = 532676608                                 {product} {ergonomic}
   size_t MaxHeapSize                              = 1610612736                                {product} {command line}
   size_t MaxNewSize                               = 536870912                                 {product} {ergonomic}
   size_t MinHeapDeltaBytes                        = 196608                                    {product} {ergonomic}
   size_t MinHeapSize                              = 8388608                                   {product} {ergonomic}
   size_t NewSize                                  = 177537024                                 {product} {ergonomic}
    uintx NonNMethodCodeHeapSize                   = 7602480                                {pd product} {ergonomic}
    uintx NonProfiledCodeHeapSize                  = 122027880                              {pd product} {ergonomic}
   size_t OldSize                                  = 355139584                                 {product} {ergonomic}
    uintx ProfiledCodeHeapSize                     = 122027880                              {pd product} {ergonomic}
    uintx ReservedCodeCacheSize                    = 251658240                              {pd product} {ergonomic}
     bool SegmentedCodeCache                       = true                                      {product} {ergonomic}
   size_t SoftMaxHeapSize                          = 1610612736                             {manageable} {ergonomic}
     bool UseCompressedOops                        = true                           {product lp64_product} {ergonomic}
     bool UseLargePagesIndividualAllocation        = false                                  {pd product} {ergonomic}
     bool UseSerialGC                              = true                                      {product} {command line}

Logging:
Log output configuration:
 #0: stdout all=warning uptime,level,tags foldmultilines=false
 #1: stderr all=off uptime,level,tags foldmultilines=false

Release file:
JAVA_VERSION="21.0.10" 
MODULES="java.base java.compiler java.datatransfer java.xml java.prefs java.desktop java.instrument java.logging java.management java.security.sasl java.naming java.rmi java.management.rmi java.net.http java.scripting java.security.jgss java.transaction.xa java.sql java.sql.rowset java.xml.crypto java.se java.smartcardio jdk.accessibility jdk.internal.jvmstat jdk.attach jdk.charsets jdk.internal.opt jdk.zipfs jdk.compiler jdk.crypto.ec jdk.crypto.cryptoki jdk.crypto.mscapi jdk.dynalink jdk.internal.ed jdk.editpad jdk.hotspot.agent jdk.httpserver jdk.internal.le jdk.internal.vm.ci jdk.internal.vm.compiler jdk.internal.vm.compiler.management jdk.jartool jdk.javadoc jdk.jcmd jdk.management jdk.management.agent jdk.jconsole jdk.jdeps jdk.jdwp.agent jdk.jdi jdk.jfr jdk.jshell jdk.jsobject jdk.jstatd jdk.localedata jdk.management.jfr jdk.naming.dns jdk.naming.rmi jdk.net jdk.nio.mapmode jdk.random jdk.sctp jdk.security.auth jdk.security.jgss jdk.unsupported jdk.unsupported.desktop jdk.xml.dom" 

Environment Variables:
JAVA_HOME=C:\Program Files\Java\jdk-17
PATH=C:\Users\faiza\AppData\Local\Programs\Microsoft VS Code;c:\Users\faiza\AppData\Local\Programs\cursor\resources\app\bin;C:\Program Files\Microsoft\jdk-17.0.11.9-hotspot\bin;C:\Program Files\Common Files\Oracle\Java\javapath;C:\WINDOWS\system32;C:\WINDOWS;C:\WINDOWS\System32\Wbem;C:\WINDOWS\System32\WindowsPowerShell\v1.0\;C:\WINDOWS\System32\OpenSSH\;C:\Program Files\dotnet\;C:\Program Files\Java\jdk-17\bin;C:\Program Files\Microsoft SQL Server\150\Tools\Binn\;C:\Program Files (x86)\Windows Kits\10\Windows Performance Toolkit\;C:\curl\bin;C:\flutter\bin;C:\Program Files\Git\cmd;C:\Users\faiza\AppData\Roaming\nvm;C:\Program Files\nodejs;C:\ProgramData\chocolatey\bin;C:\Users\faiza\AppData\Local\Programs\Python\Python313\Scripts\;C:\Users\faiza\AppData\Local\Programs\Python\Python313\;C:\Users\faiza\AppData\Local\Microsoft\WindowsApps;C:\Users\faiza\.dotnet\tools;C:\Users\faiza\AppData\Roaming\npm;C:\WINDOWS\system32;C:\WINDOWS;C:\WINDOWS\System32\Wbem;C:\WINDOWS\System32\WindowsPowerShell\v1.0\;C:\WINDOWS\System32\OpenSSH\;C:\Program Files\GitHub CLI\;C:\Users\faiza\AppData\Local\Programs\Python\Python313\Scripts\;C:\Users\faiza\AppData\Local\Programs\Python\Python313\;C:\Users\faiza\AppData\Local\Microsoft\WindowsApps;C:\Users\faiza\AppData\Local\Programs\Microsoft VS Code\bin;C:\Users\faiza\.dotnet\tools;C:\Users\faiza\AppData\Roaming\npm;C:\Users\faiza\AppData\Roaming\nvm;C:\Program Files\nodejs;C:\msys64\ucrt64\bin;C:\Users\faiza\AppData\Local\JetBrains\Toolbox\scripts;C:\Users\faiza\AppData\Local\Programs\Antigravity\bin
USERNAME=faiza
OS=Windows_NT
PROCESSOR_IDENTIFIER=Intel64 Family 6 Model 154 Stepping 3, GenuineIntel
TMP=C:\Users\faiza\AppData\Local\Temp
TEMP=C:\Users\faiza\AppData\Local\Temp




Periodic native trim disabled

---------------  S Y S T E M  ---------------

OS:
 Windows 11 , 64 bit Build 26100 (10.0.26100.8115)
OS uptime: 1 days 5:47 hours
Hyper-V role detected

CPU: total 16 (initial active 16) (8 cores per cpu, 2 threads per core) family 6 model 154 stepping 3 microcode 0x423, cx8, cmov, fxsr, ht, mmx, 3dnowpref, sse, sse2, sse3, ssse3, sse4.1, sse4.2, popcnt, lzcnt, tsc, tscinvbit, avx, avx2, aes, erms, clmul, bmi1, bmi2, adx, sha, fma, vzeroupper, clflush, clflushopt, clwb, hv, serialize, rdtscp, rdpid, fsrm, f16c, cet_ibt, cet_ss
Processor Information for the first 16 processors :
  Max Mhz: 2300, Current Mhz: 2300, Mhz Limit: 2300

Memory: 4k page, system-wide physical 32472M (4343M free)
TotalPageFile size 36568M (AvailPageFile size 3M)
current process WorkingSet (physical memory assigned to process): 369M, peak: 369M
current process commit charge ("private bytes"): 692M, peak: 693M

vm_info: OpenJDK 64-Bit Server VM (21.0.10+7-LTS) for windows-amd64 JRE (21.0.10+7-LTS), built on 2026-01-20T00:00:00Z by "admin" with MS VC++ 17.12 (VS2022)

END.
